YunWangVideoSDK/build/outputs/logs/manifest-merger-debug-report.txt
-- Merging decision tree log ---
manifest
ADDED from NPJ\YunWangVideoSDK\AndroidManifest.xml:2:1-103:12
INJECTED from NPJ\YunWangVideoSDK\AndroidManifest.xml:2:1-103:12
INJECTED from NPJ\YunWangVideoSDK\AndroidManifest.xml:2:1-103:12
INJECTED from NPJ\YunWangVideoSDK\AndroidManifest.xml:2:1-103:12
INJECTED from NPJ\YunWangVideoSDK\AndroidManifest.xml:2:1-103:12
INJECTED from NPJ\YunWangVideoSDK\AndroidManifest.xml:2:1-103:12
INJECTED from NPJ\YunWangVideoSDK\AndroidManifest.xml:2:1-103:12
	package
		ADDED from NPJ\YunWangVideoSDK\AndroidManifest.xml:3:5-37
		INJECTED from NPJ\YunWangVideoSDK\AndroidManifest.xml
		INJECTED from NPJ\YunWangVideoSDK\AndroidManifest.xml
	android:versionName
		ADDED from NPJ\YunWangVideoSDK\AndroidManifest.xml:5:5-30
		INJECTED from NPJ\YunWangVideoSDK\AndroidManifest.xml
		INJECTED from NPJ\YunWangVideoSDK\AndroidManifest.xml
	xmlns:android
		ADDED from NPJ\YunWangVideoSDK\AndroidManifest.xml:2:11-69
	android:versionCode
		ADDED from NPJ\YunWangVideoSDK\AndroidManifest.xml:4:5-28
		INJECTED from NPJ\YunWangVideoSDK\AndroidManifest.xml
		INJECTED from NPJ\YunWangVideoSDK\AndroidManifest.xml
uses-feature#android.hardware.camera
ADDED from NPJ\YunWangVideoSDK\AndroidManifest.xml:8:5-60
	android:name
		ADDED from NPJ\YunWangVideoSDK\AndroidManifest.xml:8:19-57
uses-feature#android.hardware.camera.autofocus
ADDED from NPJ\YunWangVideoSDK\AndroidManifest.xml:9:5-70
	android:name
		ADDED from NPJ\YunWangVideoSDK\AndroidManifest.xml:9:19-67
uses-feature#android.hardware.camera.flash
ADDED from NPJ\YunWangVideoSDK\AndroidManifest.xml:10:5-66
	android:name
		ADDED from NPJ\YunWangVideoSDK\AndroidManifest.xml:10:19-63
uses-permission#android.permission.READ_PHONE_STATE
ADDED from NPJ\YunWangVideoSDK\AndroidManifest.xml:12:5-75
	android:name
		ADDED from NPJ\YunWangVideoSDK\AndroidManifest.xml:12:22-72
uses-permission#android.permission.WRITE_EXTERNAL_STORAGE
ADDED from NPJ\YunWangVideoSDK\AndroidManifest.xml:13:5-81
	android:name
		ADDED from NPJ\YunWangVideoSDK\AndroidManifest.xml:13:22-78
uses-permission#android.permission.CAMERA
ADDED from NPJ\YunWangVideoSDK\AndroidManifest.xml:14:5-65
	android:name
		ADDED from NPJ\YunWangVideoSDK\AndroidManifest.xml:14:22-62
uses-permission#android.permission.RECORD_VIDEO
ADDED from NPJ\YunWangVideoSDK\AndroidManifest.xml:15:5-71
	android:name
		ADDED from NPJ\YunWangVideoSDK\AndroidManifest.xml:15:22-68
uses-permission#android.permission.RECORD_AUDIO
ADDED from NPJ\YunWangVideoSDK\AndroidManifest.xml:16:5-71
	android:name
		ADDED from NPJ\YunWangVideoSDK\AndroidManifest.xml:16:22-68
uses-permission#android.permission.FLASHLIGHT
ADDED from NPJ\YunWangVideoSDK\AndroidManifest.xml:17:5-69
	android:name
		ADDED from NPJ\YunWangVideoSDK\AndroidManifest.xml:17:22-66
uses-permission#android.permission.WAKE_LOCK
ADDED from NPJ\YunWangVideoSDK\AndroidManifest.xml:18:5-68
	android:name
		ADDED from NPJ\YunWangVideoSDK\AndroidManifest.xml:18:22-65
uses-permission#android.permission.INTERNET
ADDED from NPJ\YunWangVideoSDK\AndroidManifest.xml:19:5-67
	android:name
		ADDED from NPJ\YunWangVideoSDK\AndroidManifest.xml:19:22-64
uses-permission#android.permission.ACCESS_NETWORK_STATE
ADDED from NPJ\YunWangVideoSDK\AndroidManifest.xml:20:5-79
	android:name
		ADDED from NPJ\YunWangVideoSDK\AndroidManifest.xml:20:22-76
uses-permission#android.permission.READ_EXTERNAL_STORAGE
ADDED from NPJ\YunWangVideoSDK\AndroidManifest.xml:21:5-80
	android:name
		ADDED from NPJ\YunWangVideoSDK\AndroidManifest.xml:21:22-77
application
ADDED from NPJ\YunWangVideoSDK\AndroidManifest.xml:23:5-101:19
	android:allowBackup
		ADDED from NPJ\YunWangVideoSDK\AndroidManifest.xml:25:9-36
	android:name
		ADDED from NPJ\YunWangVideoSDK\AndroidManifest.xml:24:9-58
activity#com.taobao.TaoRecordVideoActivity
ADDED from NPJ\YunWangVideoSDK\AndroidManifest.xml:26:9-31:20
	android:screenOrientation
		ADDED from NPJ\YunWangVideoSDK\AndroidManifest.xml:29:13-49
	android:configChanges
		ADDED from NPJ\YunWangVideoSDK\AndroidManifest.xml:28:13-63
	android:theme
		ADDED from NPJ\YunWangVideoSDK\AndroidManifest.xml:30:13-60
	android:name
		ADDED from NPJ\YunWangVideoSDK\AndroidManifest.xml:27:13-61
activity#com.taobao.TaoPlayRecordVideoActivity
ADDED from NPJ\YunWangVideoSDK\AndroidManifest.xml:32:9-38:20
	android:screenOrientation
		ADDED from NPJ\YunWangVideoSDK\AndroidManifest.xml:35:13-49
	android:windowSoftInputMode
		ADDED from NPJ\YunWangVideoSDK\AndroidManifest.xml:37:13-73
	android:configChanges
		ADDED from NPJ\YunWangVideoSDK\AndroidManifest.xml:34:13-63
	android:theme
		ADDED from NPJ\YunWangVideoSDK\AndroidManifest.xml:36:13-60
	android:name
		ADDED from NPJ\YunWangVideoSDK\AndroidManifest.xml:33:13-65
activity#com.taobao.URLDispatchActivity
ADDED from NPJ\YunWangVideoSDK\AndroidManifest.xml:39:9-42:20
	android:theme
		ADDED from NPJ\YunWangVideoSDK\AndroidManifest.xml:41:13-60
	android:name
		ADDED from NPJ\YunWangVideoSDK\AndroidManifest.xml:40:13-58
activity#com.taobao.TaoVideoFilterActivity
ADDED from NPJ\YunWangVideoSDK\AndroidManifest.xml:43:9-46:20
	android:theme
		ADDED from NPJ\YunWangVideoSDK\AndroidManifest.xml:45:13-60
	android:name
		ADDED from NPJ\YunWangVideoSDK\AndroidManifest.xml:44:13-61
activity#com.im.IMRecordVideoActivity
ADDED from NPJ\YunWangVideoSDK\AndroidManifest.xml:47:9-77:20
	android:screenOrientation
		ADDED from NPJ\YunWangVideoSDK\AndroidManifest.xml:50:13-49
	android:configChanges
		ADDED from NPJ\YunWangVideoSDK\AndroidManifest.xml:49:13-63
	android:theme
		ADDED from NPJ\YunWangVideoSDK\AndroidManifest.xml:51:13-60
	android:name
		ADDED from NPJ\YunWangVideoSDK\AndroidManifest.xml:48:13-56
intent-filter#action:name:android.intent.action.VIEW+category:name:android.intent.category.BROWSABLE+category:name:android.intent.category.DEFAULT+data:host:svideo.m.taobao.com+data:host:svideo.m.taobao.com+data:host:svideo.m.taobao.com+data:host:svideo.m.taobao.com+data:path:/av/imrecorder.html+data:path:/av/imrecorder.html+data:path:/av/imrecorder.html+data:path:/av/imstrecorder.html+data:path:/av/imstrecorder.html+data:path:/av/imstrecorder.html+data:scheme:http+data:scheme:http+data:scheme:https+data:scheme:https
ADDED from NPJ\YunWangVideoSDK\AndroidManifest.xml:52:13-76:29
action#android.intent.action.VIEW
ADDED from NPJ\YunWangVideoSDK\AndroidManifest.xml:53:17-69
	android:name
		ADDED from NPJ\YunWangVideoSDK\AndroidManifest.xml:53:25-66
category#android.intent.category.DEFAULT
ADDED from NPJ\YunWangVideoSDK\AndroidManifest.xml:55:17-76
	android:name
		ADDED from NPJ\YunWangVideoSDK\AndroidManifest.xml:55:27-73
category#android.intent.category.BROWSABLE
ADDED from NPJ\YunWangVideoSDK\AndroidManifest.xml:56:17-78
	android:name
		ADDED from NPJ\YunWangVideoSDK\AndroidManifest.xml:56:27-75
data
ADDED from NPJ\YunWangVideoSDK\AndroidManifest.xml:58:17-61:45
	android:path
		ADDED from NPJ\YunWangVideoSDK\AndroidManifest.xml:60:21-55
	android:host
		ADDED from NPJ\YunWangVideoSDK\AndroidManifest.xml:59:21-55
	android:scheme
		ADDED from NPJ\YunWangVideoSDK\AndroidManifest.xml:61:21-42
activity#com.im.IMPlayRecordVideoActivity
ADDED from NPJ\YunWangVideoSDK\AndroidManifest.xml:78:9-100:20
	android:screenOrientation
		ADDED from NPJ\YunWangVideoSDK\AndroidManifest.xml:81:13-49
	android:windowSoftInputMode
		ADDED from NPJ\YunWangVideoSDK\AndroidManifest.xml:83:13-73
	android:configChanges
		ADDED from NPJ\YunWangVideoSDK\AndroidManifest.xml:80:13-63
	android:theme
		ADDED from NPJ\YunWangVideoSDK\AndroidManifest.xml:82:13-60
	android:name
		ADDED from NPJ\YunWangVideoSDK\AndroidManifest.xml:79:13-60
intent-filter#action:name:android.intent.action.VIEW+category:name:android.intent.category.BROWSABLE+category:name:android.intent.category.DEFAULT+data:host:svideo.m.taobao.com+data:host:svideo.m.taobao.com+data:path:/av/imstpreview.html+data:path:/av/imstpreview.html+data:path:/av/imstpreview.html+data:scheme:http+data:scheme:https
ADDED from NPJ\YunWangVideoSDK\AndroidManifest.xml:84:13-99:29
uses-sdk
INJECTED from NPJ\YunWangVideoSDK\AndroidManifest.xml reason: use-sdk injection requested
INJECTED from NPJ\YunWangVideoSDK\AndroidManifest.xml
INJECTED from NPJ\YunWangVideoSDK\AndroidManifest.xml
	android:minSdkVersion
		INJECTED from NPJ\YunWangVideoSDK\AndroidManifest.xml
		ADDED from NPJ\YunWangVideoSDK\AndroidManifest.xml
		INJECTED from NPJ\YunWangVideoSDK\AndroidManifest.xml